<?xml version="1.0" encoding="UTF-8"?>
<!-- Generated by org.testng.reporters.JUnitReportReporter -->
<testsuite hostname="Ayansh" failures="0" tests="1" name="tests.GetPostExamples" time="3.550" errors="0" timestamp="2022-09-20T17:03:21 IST" skipped="0">
  <testcase classname="tests.GetPostExamples" name="testPost" time="3.550"/>
  <system-out/>
</testsuite> <!-- tests.GetPostExamples -->
