<?xml version="1.0" encoding="UTF-8"?>
<!-- Generated by org.testng.reporters.JUnitReportReporter -->
<testsuite hostname="Ayansh" failures="0" tests="3" name="tests.PutPatchDeleteExampls" time="5.169" errors="0" timestamp="2022-09-20T17:27:37 IST" skipped="0">
  <testcase classname="tests.PutPatchDeleteExampls" name="testPatch" time="0.757"/>
  <system-out/>
  <testcase classname="tests.PutPatchDeleteExampls" name="testDelete" time="3.793"/>
  <system-out/>
  <testcase classname="tests.PutPatchDeleteExampls" name="testPut" time="0.619"/>
  <system-out/>
</testsuite> <!-- tests.PutPatchDeleteExampls -->
