<?xml version="1.0" encoding="UTF-8"?>
<!-- Generated by org.testng.reporters.JUnitReportReporter -->
<testsuite hostname="Ayansh" failures="0" tests="1" name="demo.RestExample" time="4.133" errors="0" timestamp="2022-09-20T14:38:27 IST" skipped="0">
  <testcase classname="demo.RestExample" name="Test_one" time="4.133"/>
  <system-out/>
</testsuite> <!-- demo.RestExample -->
