<?xml version="1.0" encoding="UTF-8"?>
<!-- Generated by org.testng.reporters.JUnitReportReporter -->
<testsuite hostname="Ayansh" failures="0" tests="2" name="tests.RestExample" time="5.854" errors="0" timestamp="2022-09-20T16:22:17 IST" skipped="0">
  <testcase classname="tests.RestExample" name="Test_one" time="0.250"/>
  <system-out/>
  <testcase classname="tests.RestExample" name="Test_2" time="5.604"/>
  <system-out/>
</testsuite> <!-- tests.RestExample -->
